[INFO] Scanning for projects...
[INFO] 
[INFO] ----------------------< com.example:localservice >----------------------
[INFO] Building SERVICE HUB 0.0.1-SNAPSHOT
[INFO]   from pom.xml
[INFO] --------------------------------[ jar ]---------------------------------
[INFO] 
[INFO] >>> spring-boot:3.2.4:run (default-cli) > test-compile @ localservice >>>
[INFO] 
[INFO] --- resources:3.3.1:resources (default-resources) @ localservice ---
[INFO] Copying 1 resource from src\main\resources to target\classes
[INFO] Copying 0 resource from src\main\resources to target\classes
[INFO] 
[INFO] --- compiler:3.11.0:compile (default-compile) @ localservice ---
[INFO] Nothing to compile - all classes are up to date
[INFO] 
[INFO] --- resources:3.3.1:testResources (default-testResources) @ localservice ---
[INFO] skip non existing resourceDirectory C:\Users\Karthii\OneDrive\Desktop\Finding PROJECT\backend\src\test\resources
[INFO] 
[INFO] --- compiler:3.11.0:testCompile (default-testCompile) @ localservice ---
[INFO] No sources to compile
[INFO] 
[INFO] <<< spring-boot:3.2.4:run (default-cli) < test-compile @ localservice <<<
[INFO] 
[INFO] 
[INFO] --- spring-boot:3.2.4:run (default-cli) @ localservice ---
[INFO] Attaching agents: []

  .   ____          _            __ _ _
 /\\ / ___'_ __ _ _(_)_ __  __ _ \ \ \ \
( ( )\___ | '_ | '_| | '_ \/ _` | \ \ \ \
 \\/  ___)| |_)| | | | | || (_| |  ) ) ) )
  '  |____| .__|_| |_|_| |_\__, | / / / /
 =========|_|==============|___/=/_/_/_/
 :: Spring Boot ::                (v3.2.4)

2026-03-24T16:01:33.542+05:30  INFO 18540 --- [localservice] [           main] c.e.l.LocalServiceApplication            : Starting LocalServiceApplication using Java 24.0.2 with PID 18540 (C:\Users\Karthii\OneDrive\Desktop\Finding PROJECT\backend\target\classes started by Karthii in C:\Users\Karthii\OneDrive\Desktop\Finding PROJECT\backend)
2026-03-24T16:01:33.544+05:30  INFO 18540 --- [localservice] [           main] c.e.l.LocalServiceApplication            : No active profile set, falling back to 1 default profile: "default"
2026-03-24T16:01:34.349+05:30  INFO 18540 --- [localservice] [           main] .s.d.r.c.RepositoryConfigurationDelegate : Bootstrapping Spring Data JPA repositories in DEFAULT mode.
2026-03-24T16:01:34.435+05:30  INFO 18540 --- [localservice] [           main] .s.d.r.c.RepositoryConfigurationDelegate : Finished Spring Data repository scanning in 74 ms. Found 4 JPA repository interfaces.
WARNING: A restricted method in java.lang.System has been called
WARNING: java.lang.System::load has been called by org.apache.tomcat.jni.Library in an unnamed module (file:/C:/Users/Karthii/.m2/repository/org/apache/tomcat/embed/tomcat-embed-core/10.1.19/tomcat-embed-core-10.1.19.jar)
WARNING: Use --enable-native-access=ALL-UNNAMED to avoid a warning for callers in this module
WARNING: Restricted methods will be blocked in a future release unless native access is enabled

2026-03-24T16:01:35.278+05:30  INFO 18540 --- [localservice] [           main] o.s.b.w.embedded.tomcat.TomcatWebServer  : Tomcat initialized with port 8080 (http)
2026-03-24T16:01:35.301+05:30  INFO 18540 --- [localservice] [           main] o.apache.catalina.core.StandardService   : Starting service [Tomcat]
2026-03-24T16:01:35.301+05:30  INFO 18540 --- [localservice] [           main] o.apache.catalina.core.StandardEngine    : Starting Servlet engine: [Apache Tomcat/10.1.19]
2026-03-24T16:01:35.422+05:30  INFO 18540 --- [localservice] [           main] o.a.c.c.C.[Tomcat].[localhost].[/]       : Initializing Spring embedded WebApplicationContext
2026-03-24T16:01:35.423+05:30  INFO 18540 --- [localservice] [           main] w.s.c.ServletWebServerApplicationContext : Root WebApplicationContext: initialization completed in 1815 ms
2026-03-24T16:01:35.461+05:30  INFO 18540 --- [localservice] [           main] com.zaxxer.hikari.HikariDataSource       : HikariPool-1 - Starting...
2026-03-24T16:01:35.712+05:30  INFO 18540 --- [localservice] [           main] com.zaxxer.hikari.pool.HikariPool        : HikariPool-1 - Added connection conn0: url=jdbc:h2:mem:testdb user=SA
2026-03-24T16:01:35.715+05:30  INFO 18540 --- [localservice] [           main] com.zaxxer.hikari.HikariDataSource       : HikariPool-1 - Start completed.
2026-03-24T16:01:35.731+05:30  INFO 18540 --- [localservice] [           main] o.s.b.a.h2.H2ConsoleAutoConfiguration    : H2 console available at '/h2-console'. Database available at 'jdbc:h2:mem:testdb'
2026-03-24T16:01:35.929+05:30  INFO 18540 --- [localservice] [           main] o.hibernate.jpa.internal.util.LogHelper  : HHH000204: Processing PersistenceUnitInfo [name: default]
2026-03-24T16:01:35.995+05:30  INFO 18540 --- [localservice] [           main] org.hibernate.Version                    : HHH000412: Hibernate ORM core version 6.4.4.Final
2026-03-24T16:01:36.034+05:30  INFO 18540 --- [localservice] [           main] o.h.c.internal.RegionFactoryInitiator    : HHH000026: Second-level cache disabled
2026-03-24T16:01:36.466+05:30  INFO 18540 --- [localservice] [           main] o.s.o.j.p.SpringPersistenceUnitInfo      : No LoadTimeWeaver setup: ignoring JPA class transformer
2026-03-24T16:01:36.609+05:30  WARN 18540 --- [localservice] [           main] org.hibernate.orm.deprecation            : HHH90000025: H2Dialect does not need to be specified explicitly using 'hibernate.dialect' (remove the property setting and it will be selected by default)
2026-03-24T16:01:37.912+05:30  INFO 18540 --- [localservice] [           main] o.h.e.t.j.p.i.JtaPlatformInitiator       : HHH000489: No JTA platform available (set 'hibernate.transaction.jta.platform' to enable JTA platform integration)
2026-03-24T16:01:37.991+05:30  INFO 18540 --- [localservice] [           main] j.LocalContainerEntityManagerFactoryBean : Initialized JPA EntityManagerFactory for persistence unit 'default'
WARNING: Twilio Account SID is not configured! OTPs will not be sent via WhatsApp. However, Mock SMS will still log to the console.
2026-03-24T16:01:38.597+05:30  WARN 18540 --- [localservice] [           main] JpaBaseConfiguration$JpaWebConfiguration : spring.jpa.open-in-view is enabled by default. Therefore, database queries may be performed during view rendering. Explicitly configure spring.jpa.open-in-view to disable this warning
2026-03-24T16:01:39.041+05:30  WARN 18540 --- [localservice] [           main] ConfigServletWebServerApplicationContext : Exception encountered during context initialization - cancelling refresh attempt: org.springframework.context.ApplicationContextException: Failed to start bean 'webServerStartStop'
2026-03-24T16:01:39.043+05:30  INFO 18540 --- [localservice] [           main] j.LocalContainerEntityManagerFactoryBean : Closing JPA EntityManagerFactory for persistence unit 'default'
2026-03-24T16:01:39.052+05:30  INFO 18540 --- [localservice] [           main] com.zaxxer.hikari.HikariDataSource       : HikariPool-1 - Shutdown initiated...
2026-03-24T16:01:39.056+05:30  INFO 18540 --- [localservice] [           main] com.zaxxer.hikari.HikariDataSource       : HikariPool-1 - Shutdown completed.
2026-03-24T16:01:39.071+05:30  INFO 18540 --- [localservice] [           main] .s.b.a.l.ConditionEvaluationReportLogger : 

Error starting ApplicationContext. To display the condition evaluation report re-run your application with 'debug' enabled.
2026-03-24T16:01:39.091+05:30 ERROR 18540 --- [localservice] [           main] o.s.b.d.LoggingFailureAnalysisReporter   : 

***************************
APPLICATION FAILED TO START
***************************

Description:

Web server failed to start. Port 8080 was already in use.

Action:

Identify and stop the process that's listening on port 8080 or configure this application to listen on another port.

[INFO] ------------------------------------------------------------------------
[INFO] BUILD FAILURE
[INFO] ------------------------------------------------------------------------
[INFO] Total time:  10.410 s
[INFO] Finished at: 2026-03-24T16:01:39+05:30
[INFO] ------------------------------------------------------------------------
[ERROR] Failed to execute goal org.springframework.boot:spring-boot-maven-plugin:3.2.4:run (default-cli) on project localservice: Process terminated with exit code: 1 -> [Help 1]
[ERROR] 
[ERROR] To see the full stack trace of the errors, re-run Maven with the -e switch.
[ERROR] Re-run Maven using the -X switch to enable full debug logging.
[ERROR] 
[ERROR] For more information about the errors and possible solutions, please read the following articles:
[ERROR] [Help 1] http://cwiki.apache.org/confluence/display/MAVEN/MojoExecutionException
