[INFO] Scanning for projects...
[INFO] 
[INFO] ----------------------< com.example:localservice >----------------------
[INFO] Building SERVICE HUB 0.0.1-SNAPSHOT
[INFO]   from pom.xml
[INFO] --------------------------------[ jar ]---------------------------------
[INFO] 
[INFO] >>> spring-boot:3.2.4:run (default-cli) > test-compile @ localservice >>>
[INFO] 
[INFO] --- resources:3.3.1:resources (default-resources) @ localservice ---
[INFO] Copying 1 resource from src\main\resources to target\classes
[INFO] Copying 0 resource from src\main\resources to target\classes
[INFO] 
[INFO] --- compiler:3.11.0:compile (default-compile) @ localservice ---
[INFO] Nothing to compile - all classes are up to date
[INFO] 
[INFO] --- resources:3.3.1:testResources (default-testResources) @ localservice ---
[INFO] skip non existing resourceDirectory C:\Users\Karthii\OneDrive\Desktop\Finding PROJECT\backend\src\test\resources
[INFO] 
[INFO] --- compiler:3.11.0:testCompile (default-testCompile) @ localservice ---
[INFO] No sources to compile
[INFO] 
[INFO] <<< spring-boot:3.2.4:run (default-cli) < test-compile @ localservice <<<
[INFO] 
[INFO] 
[INFO] --- spring-boot:3.2.4:run (default-cli) @ localservice ---
[INFO] Attaching agents: []

  .   ____          _            __ _ _
 /\\ / ___'_ __ _ _(_)_ __  __ _ \ \ \ \
( ( )\___ | '_ | '_| | '_ \/ _` | \ \ \ \
 \\/  ___)| |_)| | | | | || (_| |  ) ) ) )
  '  |____| .__|_| |_|_| |_\__, | / / / /
 =========|_|==============|___/=/_/_/_/
 :: Spring Boot ::                (v3.2.4)

2026-03-24T16:30:58.475+05:30  INFO 11512 --- [localservice] [           main] c.e.l.LocalServiceApplication            : Starting LocalServiceApplication using Java 24.0.2 with PID 11512 (C:\Users\Karthii\OneDrive\Desktop\Finding PROJECT\backend\target\classes started by Karthii in C:\Users\Karthii\OneDrive\Desktop\Finding PROJECT\backend)
2026-03-24T16:30:58.478+05:30  INFO 11512 --- [localservice] [           main] c.e.l.LocalServiceApplication            : No active profile set, falling back to 1 default profile: "default"
2026-03-24T16:30:59.472+05:30  INFO 11512 --- [localservice] [           main] .s.d.r.c.RepositoryConfigurationDelegate : Bootstrapping Spring Data JPA repositories in DEFAULT mode.
2026-03-24T16:30:59.564+05:30  INFO 11512 --- [localservice] [           main] .s.d.r.c.RepositoryConfigurationDelegate : Finished Spring Data repository scanning in 80 ms. Found 4 JPA repository interfaces.
WARNING: A restricted method in java.lang.System has been called
WARNING: java.lang.System::load has been called by org.apache.tomcat.jni.Library in an unnamed module (file:/C:/Users/Karthii/.m2/repository/org/apache/tomcat/embed/tomcat-embed-core/10.1.19/tomcat-embed-core-10.1.19.jar)
WARNING: Use --enable-native-access=ALL-UNNAMED to avoid a warning for callers in this module
WARNING: Restricted methods will be blocked in a future release unless native access is enabled

2026-03-24T16:31:00.282+05:30  INFO 11512 --- [localservice] [           main] o.s.b.w.embedded.tomcat.TomcatWebServer  : Tomcat initialized with port 8080 (http)
2026-03-24T16:31:00.302+05:30  INFO 11512 --- [localservice] [           main] o.apache.catalina.core.StandardService   : Starting service [Tomcat]
2026-03-24T16:31:00.303+05:30  INFO 11512 --- [localservice] [           main] o.apache.catalina.core.StandardEngine    : Starting Servlet engine: [Apache Tomcat/10.1.19]
2026-03-24T16:31:00.413+05:30  INFO 11512 --- [localservice] [           main] o.a.c.c.C.[Tomcat].[localhost].[/]       : Initializing Spring embedded WebApplicationContext
2026-03-24T16:31:00.414+05:30  INFO 11512 --- [localservice] [           main] w.s.c.ServletWebServerApplicationContext : Root WebApplicationContext: initialization completed in 1845 ms
2026-03-24T16:31:00.469+05:30  INFO 11512 --- [localservice] [           main] com.zaxxer.hikari.HikariDataSource       : HikariPool-1 - Starting...
2026-03-24T16:31:00.764+05:30  INFO 11512 --- [localservice] [           main] com.zaxxer.hikari.pool.HikariPool        : HikariPool-1 - Added connection conn0: url=jdbc:h2:mem:testdb user=SA
2026-03-24T16:31:00.766+05:30  INFO 11512 --- [localservice] [           main] com.zaxxer.hikari.HikariDataSource       : HikariPool-1 - Start completed.
2026-03-24T16:31:00.782+05:30  INFO 11512 --- [localservice] [           main] o.s.b.a.h2.H2ConsoleAutoConfiguration    : H2 console available at '/h2-console'. Database available at 'jdbc:h2:mem:testdb'
2026-03-24T16:31:00.975+05:30  INFO 11512 --- [localservice] [           main] o.hibernate.jpa.internal.util.LogHelper  : HHH000204: Processing PersistenceUnitInfo [name: default]
2026-03-24T16:31:01.047+05:30  INFO 11512 --- [localservice] [           main] org.hibernate.Version                    : HHH000412: Hibernate ORM core version 6.4.4.Final
2026-03-24T16:31:01.095+05:30  INFO 11512 --- [localservice] [           main] o.h.c.internal.RegionFactoryInitiator    : HHH000026: Second-level cache disabled
2026-03-24T16:31:01.465+05:30  INFO 11512 --- [localservice] [           main] o.s.o.j.p.SpringPersistenceUnitInfo      : No LoadTimeWeaver setup: ignoring JPA class transformer
2026-03-24T16:31:01.548+05:30  WARN 11512 --- [localservice] [           main] org.hibernate.orm.deprecation            : HHH90000025: H2Dialect does not need to be specified explicitly using 'hibernate.dialect' (remove the property setting and it will be selected by default)
2026-03-24T16:31:03.050+05:30  INFO 11512 --- [localservice] [           main] o.h.e.t.j.p.i.JtaPlatformInitiator       : HHH000489: No JTA platform available (set 'hibernate.transaction.jta.platform' to enable JTA platform integration)
2026-03-24T16:31:03.142+05:30  INFO 11512 --- [localservice] [           main] j.LocalContainerEntityManagerFactoryBean : Initialized JPA EntityManagerFactory for persistence unit 'default'
WARNING: Twilio Account SID is not configured! OTPs will not be sent via WhatsApp. However, Mock SMS will still log to the console.
2026-03-24T16:31:03.849+05:30  WARN 11512 --- [localservice] [           main] JpaBaseConfiguration$JpaWebConfiguration : spring.jpa.open-in-view is enabled by default. Therefore, database queries may be performed during view rendering. Explicitly configure spring.jpa.open-in-view to disable this warning
2026-03-24T16:31:04.416+05:30  INFO 11512 --- [localservice] [           main] o.s.b.w.embedded.tomcat.TomcatWebServer  : Tomcat started on port 8080 (http) with context path ''
2026-03-24T16:31:04.428+05:30  INFO 11512 --- [localservice] [           main] c.e.l.LocalServiceApplication            : Started LocalServiceApplication in 6.63 seconds (process running for 7.441)
